[2024-06-13 17:03:07.233488] -- [LotAuction.insert_many(data_info_lot).execute()] -- [Не смог записать аукцион с названием Аукцион VIP №901; url: https://www.wolmar.ru/auction/1983?all=1] -- [UNIQUE constraint failed: lot_action.url]
[2024-06-13 17:03:30.937026] -- [LotAuction.insert_many(data_info_lot).execute()] -- [Не смог записать аукцион с названием Аукцион VIP №900; url: https://www.wolmar.ru/auction/1980?all=1] -- [UNIQUE constraint failed: lot_action.url]
[2024-06-14 16:59:59.364467] -- [LotAuction.insert_many(data_info_lot).execute()] -- [Не смог записать аукцион с названием аукцион №9; url: https://www.wolmar.ru/auction/31?all=1] -- [(sqlite3.InterfaceError) Error binding parameter 10 - probably unsupported type.
[SQL: INSERT INTO lot_action (title_lot, year_coin, mint, metal_gr, safety, buyer, bids, amount, status, type_auction, id_auction_hidden, id_auction_visible, id_lot_hidden, date_closed, full_url) VALUES (?, ?, ?, ?, ?, ?, ?, ?, ?, ?, ?, ?, ?, ?, ?)]
[parameters: [('10 рублей', '1911', 'ЭБ', 'Au', 'XF', 'maior', '36', '8083', 'Закрыто', 'vip', ['1217'], '9', ['31'], '30.11.2006 12:00', 'https://www.wolmar.ru/auction/31/1217'), ('7.5 рублей !', '1897', 'АГ', 'Au', 'XF', 'maior', '14', '10490', 'Закрыто', 'vip', ['1218'], '9', ['31'], '30.11.2006 12:00', 'https://www.wolmar.ru/auction/31/1218'), ('5 рублей', '1899', 'ФЗ', 'Au', 'XF+', 'maior', '23', '4310', 'Закрыто', 'vip', ['1219'], '9', ['31'], '30.11.2006 12:00', 'https://www.wolmar.ru/auction/31/1219'), ('1 рубль !', '1755', 'ММД МБ', 'Ag', 'VF+', 'baikal.k', '31', '11984', 'Закрыто', 'vip', ['1220'], '9', ['31'], '30.11.2006 12:00', 'https://www.wolmar.ru/auction/31/1220'), ('1 рубль', '1763', 'СПБ СА', 'Ag', 'VF', 'Ork', '40', '5000', 'Закрыто', 'vip', ['1221'], '9', ['31'], '30.11.2006 12:00', 'https://www.wolmar.ru/auction/31/1221'), ('1 рубль', '1783', 'СПБ ИЗ', 'Ag', 'VF-', 'alex', '38', '2145', 'Закрыто', 'vip', ['1222'], '9', ['31'], '30.11.2006 12:00', 'https://www.wolmar.ru/auction/31/1222'), ('1 рубль !', '1811', 'СПБ ФГ', 'Ag', 'VF', 'Omgz47', '54', '1960', 'Закрыто', 'vip', ['1223'], '9', ['31'], '30.11.2006 12:00', 'https://www.wolmar.ru/auction/31/1223'), ('1 рубль', '1812', 'СПБ МФ', 'Ag', 'VF', 'Sergey567', '48', '8733', 'Закрыто', 'vip', ['1224'], '9', ['31'], '30.11.2006 12:00', 'https://www.wolmar.ru/auction/31/1224')  ... displaying 10 of 179 total bound parameter sets ...  ('Медаль "Рождённому в Подмосковье"', '', '', 'Al, позолота', 'XF-', 'taran1', '24', '206', 'Закрыто', 'vip', ['1396'], '9', ['31'], '30.11.2006 12:00', 'https://www.wolmar.ru/auction/31/1396'), ('1 рубль. Вернадский !', '1993', '', 'Ni', 'proof', 'Скупщик', '30', '267', 'Закрыто', 'vip', ['1397'], '9', ['31'], '30.11.2006 12:00', 'https://www.wolmar.ru/auction/31/1397')]]
(Background on this error at: https://sqlalche.me/e/20/rvf5)]
[2024-06-14 17:00:02.674534] -- [LotAuction.insert_many(data_info_lot).execute()] -- [Не смог записать аукцион с названием аукцион №10; url: https://www.wolmar.ru/auction/32?all=1] -- [(sqlite3.InterfaceError) Error binding parameter 10 - probably unsupported type.
[SQL: INSERT INTO lot_action (title_lot, year_coin, mint, metal_gr, safety, buyer, bids, amount, status, type_auction, id_auction_hidden, id_auction_visible, id_lot_hidden, date_closed, full_url) VALUES (?, ?, ?, ?, ?, ?, ?, ?, ?, ?, ?, ?, ?, ?, ?)]
[parameters: [('15 рублей !', '1897', 'АГ', 'Au', 'XF+', '', '7', '15500', 'Закрыто', 'vip', ['1398'], '10', ['32'], '07.12.2006 12:00', 'https://www.wolmar.ru/auction/32/1398'), ('10 рублей !', '1903', 'АР', 'Au', 'XF', 'Оксана', '9', '7322', 'Закрыто', 'vip', ['1399'], '10', ['32'], '07.12.2006 12:00', 'https://www.wolmar.ru/auction/32/1399'), ('10 рублей !', '1911', 'ЭБ', 'Au', 'XF', 'maior', '6', '6628', 'Закрыто', 'vip', ['1400'], '10', ['32'], '07.12.2006 12:00', 'https://www.wolmar.ru/auction/32/1400'), ('5 рублей', '1897', 'АГ', 'Au', 'XF', 'maior', '80', '4284', 'Закрыто', 'vip', ['1401'], '10', ['32'], '07.12.2006 12:00', 'https://www.wolmar.ru/auction/32/1401'), ('5 рублей !', '1902', 'АР', 'Au', 'XF', 'alex56', '16', '4284', 'Закрыто', 'vip', ['1402'], '10', ['32'], '07.12.2006 12:00', 'https://www.wolmar.ru/auction/32/1402'), ('1 рубль Отверстие', '1734', '', 'Ag', 'VF-XF', 'Sergey567', '48', '6185', 'Закрыто', 'vip', ['1403'], '10', ['32'], '07.12.2006 12:00', 'https://www.wolmar.ru/auction/32/1403'), ('1 рубль', '1746', 'СПБ', 'Ag', 'VF+', 'Sergey567', '39', '9364', 'Закрыто', 'vip', ['1404'], '10', ['32'], '07.12.2006 12:00', 'https://www.wolmar.ru/auction/32/1404'), ('1 рубль !', '1763', 'СПБ ЯI', 'Ag', 'VF-XF', 'Sergey567', '31', '17850', 'Закрыто', 'vip', ['1405'], '10', ['32'], '07.12.2006 12:00', 'https://www.wolmar.ru/auction/32/1405')  ... displaying 10 of 155 total bound parameter sets ...  ('Финляндия 10 марок', '1975', '', 'Ag', 'XF', 'Master13', '70', '407', 'Закрыто', 'vip', ['1551'], '10', ['32'], '07.12.2006 12:00', 'https://www.wolmar.ru/auction/32/1551'), ('Швеция 2 кроны', '1893', '', 'Ag', 'VF-', 'vlad', '48', '532', 'Закрыто', 'vip', ['1552'], '10', ['32'], '07.12.2006 12:00', 'https://www.wolmar.ru/auction/32/1552')]]
(Background on this error at: https://sqlalche.me/e/20/rvf5)]
[2024-06-14 17:00:06.075497] -- [LotAuction.insert_many(data_info_lot).execute()] -- [Не смог записать аукцион с названием аукцион №11; url: https://www.wolmar.ru/auction/33?all=1] -- [(sqlite3.InterfaceError) Error binding parameter 10 - probably unsupported type.
[SQL: INSERT INTO lot_action (title_lot, year_coin, mint, metal_gr, safety, buyer, bids, amount, status, type_auction, id_auction_hidden, id_auction_visible, id_lot_hidden, date_closed, full_url) VALUES (?, ?, ?, ?, ?, ?, ?, ?, ?, ?, ?, ?, ?, ?, ?)]
[parameters: [('15 рублей !', '1897', 'АГ', 'Au', 'XF', 'Sega269', '10', '14858', 'Закрыто', 'vip', ['1553'], '11', ['33'], '14.12.2006 12:00', 'https://www.wolmar.ru/auction/33/1553'), ('10 рублей', '1900', 'ФЗ', 'Au', 'XF', '', '7', '7752', 'Закрыто', 'vip', ['1554'], '11', ['33'], '14.12.2006 12:00', 'https://www.wolmar.ru/auction/33/1554'), ('5 рублей !', '1835', 'СПБ ПД', 'Au', 'XF', 'sergey-12', '23', '15388', 'Закрыто', 'vip', ['1555'], '11', ['33'], '14.12.2006 12:00', 'https://www.wolmar.ru/auction/33/1555'), ('5 рублей !', '1845', 'СПБ КБ', 'Au', 'XF', 'Sergey567', '40', '19029', 'Закрыто', 'vip', ['1556'], '11', ['33'], '14.12.2006 12:00', 'https://www.wolmar.ru/auction/33/1556'), ('5 рублей', '1900', 'ФЗ', 'Au', 'XF', 'iFaust', '19', '5001', 'Закрыто', 'vip', ['1557'], '11', ['33'], '14.12.2006 12:00', 'https://www.wolmar.ru/auction/33/1557'), ('5 рублей', '1901', 'ФЗ', 'Au', 'XF+', 'Plus', '19', '5306', 'Закрыто', 'vip', ['1558'], '11', ['33'], '14.12.2006 12:00', 'https://www.wolmar.ru/auction/33/1558'), ('1 рубль !', '1764', 'СПБ ЯI', 'Ag', 'VF+', 'alex200214', '51', '4860', 'Закрыто', 'vip', ['1559'], '11', ['33'], '14.12.2006 12:00', 'https://www.wolmar.ru/auction/33/1559'), ('1 рубль', '1776', 'СПБ ЯЧ', 'Ag', 'VF', 'георгий', '101', '4381', 'Закрыто', 'vip', ['1560'], '11', ['33'], '14.12.2006 12:00', 'https://www.wolmar.ru/auction/33/1560')  ... displaying 10 of 202 total bound parameter sets ...  ('Знак "Гвардия"', '', '', 'Br, эмаль', 'XF+', 'vlad', '9', '32', 'Закрыто', 'vip', ['1754'], '11', ['33'], '14.12.2006 12:00', 'https://www.wolmar.ru/auction/33/1754'), ('Коронационный жетон', '1896', '', 'Ag', 'XF+!!!', 'Sergey567', '93', '5862', 'Закрыто', 'vip', ['1755'], '11', ['33'], '14.12.2006 12:00', 'https://www.wolmar.ru/auction/33/1755')]]
(Background on this error at: https://sqlalche.me/e/20/rvf5)]
[2024-06-14 17:00:10.442139] -- [LotAuction.insert_many(data_info_lot).execute()] -- [Не смог записать аукцион с названием аукцион №12; url: https://www.wolmar.ru/auction/34?all=1] -- [(sqlite3.InterfaceError) Error binding parameter 10 - probably unsupported type.
[SQL: INSERT INTO lot_action (title_lot, year_coin, mint, metal_gr, safety, buyer, bids, amount, status, type_auction, id_auction_hidden, id_auction_visible, id_lot_hidden, date_closed, full_url) VALUES (?, ?, ?, ?, ?, ?, ?, ?, ?, ?, ?, ?, ?, ?, ?)]
[parameters: [('10 рублей', '1899', 'АГ', 'Au', 'XF+', 'Vsp2006', '57', '7140', 'Закрыто', 'vip', ['1756'], '12', ['34'], '21.12.2006 12:00', 'https://www.wolmar.ru/auction/34/1756'), ('10 рублей !', '1902', 'АР', 'Au', 'XF+', '', '12', '7584', 'Закрыто', 'vip', ['1757'], '12', ['34'], '21.12.2006 12:00', 'https://www.wolmar.ru/auction/34/1757'), ('5 рублей !', '1833', 'СПБ ПД', 'Au', 'XF', 'iFaust', '46', '16001', 'Закрыто', 'vip', ['1758'], '12', ['34'], '21.12.2006 12:00', 'https://www.wolmar.ru/auction/34/1758'), ('5 рублей', '1898', 'АГ', 'Au', 'XF+', 'Vsp2006', '31', '5202', 'Закрыто', 'vip', ['1759'], '12', ['34'], '21.12.2006 12:00', 'https://www.wolmar.ru/auction/34/1759'), ('1 рубль !!', '1724', '', 'Ag', 'VF', 'baikal.k', '61', '12189', 'Закрыто', 'vip', ['1760'], '12', ['34'], '21.12.2006 12:00', 'https://www.wolmar.ru/auction/34/1760'), ('1 рубль !', '1731', '', 'Ag', 'XF', 'Sergey567', '29', '15606', 'Закрыто', 'vip', ['1761'], '12', ['34'], '21.12.2006 12:00', 'https://www.wolmar.ru/auction/34/1761'), ('1 рубль !', '1750', 'СПБ', 'Ag', 'VF-XF', 'sergey-12', '62', '7140', 'Закрыто', 'vip', ['1762'], '12', ['34'], '21.12.2006 12:00', 'https://www.wolmar.ru/auction/34/1762'), ('1 рубль', '1771', 'АШ', 'Ag', 'VF-', 'platinum', '23', '4161', 'Закрыто', 'vip', ['1763'], '12', ['34'], '21.12.2006 12:00', 'https://www.wolmar.ru/auction/34/1763')  ... displaying 10 of 212 total bound parameter sets ...  ('Знак "Гвардия"', '', '', 'Br Эмаль', 'XF', 'PiNgWIN', '4', '35', 'Закрыто', 'vip', ['1968'], '12', ['34'], '21.12.2006 12:00', 'https://www.wolmar.ru/auction/34/1968'), ('Комплект заготовок к современным монетам', '', '', 'разн', 'XF', 'Zheka', '16', '612', 'Закрыто', 'vip', ['1969'], '12', ['34'], '21.12.2006 12:00', 'https://www.wolmar.ru/auction/34/1969')]]
(Background on this error at: https://sqlalche.me/e/20/rvf5)]
[2024-06-14 17:00:16.047308] -- [LotAuction.insert_many(data_info_lot).execute()] -- [Не смог записать аукцион с названием аукцион №13; url: https://www.wolmar.ru/auction/35?all=1] -- [(sqlite3.InterfaceError) Error binding parameter 10 - probably unsupported type.
[SQL: INSERT INTO lot_action (title_lot, year_coin, mint, metal_gr, safety, buyer, bids, amount, status, type_auction, id_auction_hidden, id_auction_visible, id_lot_hidden, date_closed, full_url) VALUES (?, ?, ?, ?, ?, ?, ?, ?, ?, ?, ?, ?, ?, ?, ?)]
[parameters: [('10 рублей', '1901', 'ФЗ', 'Au', 'XF', '', '13', '6630', 'Закрыто', 'vip', ['1970'], '13', ['35'], '28.12.2006 12:00', 'https://www.wolmar.ru/auction/35/1970'), ('10 рублей', '1903', 'АГ', 'Au', 'XF', '', '33', '6687', 'Закрыто', 'vip', ['1971'], '13', ['35'], '28.12.2006 12:00', 'https://www.wolmar.ru/auction/35/1971'), ('5 рублей', '1899', 'ФЗ', 'Au', 'XF', 'Партизан', '27', '3672', 'Закрыто', 'vip', ['1972'], '13', ['35'], '28.12.2006 12:00', 'https://www.wolmar.ru/auction/35/1972'), ('1 рубль !', '1738', 'СПБ', 'Ag', 'VF-ХF-', 'alex200214', '26', '15433', 'Закрыто', 'vip', ['1973'], '13', ['35'], '28.12.2006 12:00', 'https://www.wolmar.ru/auction/35/1973'), ('1 рубль', '1774', 'СПБ', 'Ag', 'VF', 'георгий', '110', '2858', 'Закрыто', 'vip', ['1974'], '13', ['35'], '28.12.2006 12:00', 'https://www.wolmar.ru/auction/35/1974'), ('1 рубль !!', '1808', 'СПБ МК', 'Ag', 'VF', 'георгий', '37', '7178', 'Закрыто', 'vip', ['1975'], '13', ['35'], '28.12.2006 12:00', 'https://www.wolmar.ru/auction/35/1975'), ('1 рубль !!', '1810', 'СПБ ФГ', 'Ag', 'VF-XF-', 'alex200214', '29', '15388', 'Закрыто', 'vip', ['1976'], '13', ['35'], '28.12.2006 12:00', 'https://www.wolmar.ru/auction/35/1976'), ('1 рубль', '1815', 'СПБ МФ', 'Ag', 'VF+', '', '29', '2328', 'Закрыто', 'vip', ['1977'], '13', ['35'], '28.12.2006 12:00', 'https://www.wolmar.ru/auction/35/1977')  ... displaying 10 of 225 total bound parameter sets ...  ('Боспорское царство. Пересад IV', '', '', 'Cu', 'VF+', 'koga', '4', '105', 'Закрыто', 'vip', ['2198'], '13', ['35'], '28.12.2006 12:00', 'https://www.wolmar.ru/auction/35/2198'), ('Боспорское царство. халк', '', '', 'Cu', 'VF+', 'koga', '2', '100', 'Закрыто', 'vip', ['2199'], '13', ['35'], '28.12.2006 12:00', 'https://www.wolmar.ru/auction/35/2199')]]
(Background on this error at: https://sqlalche.me/e/20/rvf5)]
[2024-06-14 17:00:21.398006] -- [LotAuction.insert_many(data_info_lot).execute()] -- [Не смог записать аукцион с названием аукцион №14; url: https://www.wolmar.ru/auction/36?all=1] -- [(sqlite3.InterfaceError) Error binding parameter 10 - probably unsupported type.
[SQL: INSERT INTO lot_action (title_lot, year_coin, mint, metal_gr, safety, buyer, bids, amount, status, type_auction, id_auction_hidden, id_auction_visible, id_lot_hidden, date_closed, full_url) VALUES (?, ?, ?, ?, ?, ?, ?, ?, ?, ?, ?, ?, ?, ?, ?)]
[parameters: [('7.5 рублей !', '1897', 'АГ', 'Au', 'VF+', 'Партизан', '42', '9180', 'Закрыто', 'vip', ['2200'], '14', ['36'], '11.01.2007 12:00', 'https://www.wolmar.ru/auction/36/2200'), ('2 рубля !!!', '1756', '', 'Au', 'XF-', 'nikita', '80', '18572', 'Закрыто', 'vip', ['2201'], '14', ['36'], '11.01.2007 12:00', 'https://www.wolmar.ru/auction/36/2201'), ('1 рубль', '176', 'СПБ ЯI', 'Ag', 'F-VF', 'platinum', '12', '2040', 'Закрыто', 'vip', ['2202'], '14', ['36'], '11.01.2007 12:00', 'https://www.wolmar.ru/auction/36/2202'), ('1 рубль', '1764', 'СПБ ЯI', 'Ag', 'VF-', 'platinum', '29', '4590', 'Закрыто', 'vip', ['2203'], '14', ['36'], '11.01.2007 12:00', 'https://www.wolmar.ru/auction/36/2203'), ('1 рубль', '1776', 'СПБ ЯЧ', 'Ag', 'VF+', 'baikal.k', '40', '7089', 'Закрыто', 'vip', ['2204'], '14', ['36'], '11.01.2007 12:00', 'https://www.wolmar.ru/auction/36/2204'), ('1 рубль !', '1817', 'СПБ ПС', 'Ag', 'XF-', 'Turtle', '31', '1870', 'Закрыто', 'vip', ['2205'], '14', ['36'], '11.01.2007 12:00', 'https://www.wolmar.ru/auction/36/2205'), ('1 рубль', '1818', 'СПБ ПС', 'Ag', 'VF+', 'alliedenstar', '22', '2000', 'Закрыто', 'vip', ['2206'], '14', ['36'], '11.01.2007 12:00', 'https://www.wolmar.ru/auction/36/2206'), ('1 рубль', '1823', 'СПБ ПД', 'Ag', 'VF-XF-', 'scowl', '31', '2479', 'Закрыто', 'vip', ['2207'], '14', ['36'], '11.01.2007 12:00', 'https://www.wolmar.ru/auction/36/2207')  ... displaying 10 of 199 total bound parameter sets ...  ('Жетон Минторг № 27', '', '', 'Br', 'VF+', '21311', '38', '147', 'Закрыто', 'vip', ['2405'], '14', ['36'], '11.01.2007 12:00', 'https://www.wolmar.ru/auction/36/2405'), ('Жетон Минторг №30', '', '', 'Br', 'XF++', '21311', '40', '148', 'Закрыто', 'vip', ['2407'], '14', ['36'], '11.01.2007 12:00', 'https://www.wolmar.ru/auction/36/2407')]]
(Background on this error at: https://sqlalche.me/e/20/rvf5)]
[2024-06-14 17:00:25.793095] -- [LotAuction.insert_many(data_info_lot).execute()] -- [Не смог записать аукцион с названием аукцион №15; url: https://www.wolmar.ru/auction/37?all=1] -- [(sqlite3.InterfaceError) Error binding parameter 10 - probably unsupported type.
[SQL: INSERT INTO lot_action (title_lot, year_coin, mint, metal_gr, safety, buyer, bids, amount, status, type_auction, id_auction_hidden, id_auction_visible, id_lot_hidden, date_closed, full_url) VALUES (?, ?, ?, ?, ?, ?, ?, ?, ?, ?, ?, ?, ?, ?, ?)]
[parameters: [('10 рублей', '1899', 'АГ', 'Au', 'XF+', '2811777', '32', '9193', 'Закрыто', 'vip', ['2408'], '15', ['37'], '18.01.2007 12:00', 'https://www.wolmar.ru/auction/37/2408'), ('5 рублей', '1899', 'ФЗ', 'Au', 'XF', '2811777', '65', '6120', 'Закрыто', 'vip', ['2409'], '15', ['37'], '18.01.2007 12:00', 'https://www.wolmar.ru/auction/37/2409'), ('1 рубль !!', '1725', '', 'Ag', 'VF+', 'alex300', '37', '11043', 'Закрыто', 'vip', ['2410'], '15', ['37'], '18.01.2007 12:00', 'https://www.wolmar.ru/auction/37/2410'), ('1 рубль', '1775', 'СПБ ЯЧ', 'Ag', 'VF', 'shulc', '24', '4331', 'Закрыто', 'vip', ['2411'], '15', ['37'], '18.01.2007 12:00', 'https://www.wolmar.ru/auction/37/2411'), ('1 рубль', '1777', 'СПБ ФЛ', 'Ag', 'VF-', 'baikal.k', '31', '7650', 'Закрыто', 'vip', ['2412'], '15', ['37'], '18.01.2007 12:00', 'https://www.wolmar.ru/auction/37/2412'), ('1 рубль', '1787', 'СПБ ЯА', 'Ag', 'F-VF-', 'baikal.k', '32', '3033', 'Закрыто', 'vip', ['2413'], '15', ['37'], '18.01.2007 12:00', 'https://www.wolmar.ru/auction/37/2413'), ('1 рубль', '1791', 'СПБ ЯА', 'Ag', 'F-VF-', 'wlad', '29', '2856', 'Закрыто', 'vip', ['2414'], '15', ['37'], '18.01.2007 12:00', 'https://www.wolmar.ru/auction/37/2414'), ('1 рубль !', '1800', 'СМ ОМ', 'Ag', 'F-VF', 'alex', '32', '4162', 'Закрыто', 'vip', ['2415'], '15', ['37'], '18.01.2007 12:00', 'https://www.wolmar.ru/auction/37/2415')  ... displaying 10 of 203 total bound parameter sets ...  ('США. 1 цент', '1901', '', 'Сu', 'VF+', 'gir', '87', '200', 'Закрыто', 'vip', ['2609'], '15', ['37'], '18.01.2007 12:00', 'https://www.wolmar.ru/auction/37/2609'), ('15 копеек', '1871', 'СПБ Hi', 'Ag', 'VF+', 'Lucky', '25', '408', 'Закрыто', 'vip', ['2610'], '15', ['37'], '18.01.2007 12:00', 'https://www.wolmar.ru/auction/37/2610')]]
(Background on this error at: https://sqlalche.me/e/20/rvf5)]
[2024-06-14 17:00:32.135204] -- [LotAuction.insert_many(data_info_lot).execute()] -- [Не смог записать аукцион с названием аукцион №16; url: https://www.wolmar.ru/auction/38?all=1] -- [(sqlite3.InterfaceError) Error binding parameter 10 - probably unsupported type.
[SQL: INSERT INTO lot_action (title_lot, year_coin, mint, metal_gr, safety, buyer, bids, amount, status, type_auction, id_auction_hidden, id_auction_visible, id_lot_hidden, date_closed, full_url) VALUES (?, ?, ?, ?, ?, ?, ?, ?, ?, ?, ?, ?, ?, ?, ?)]
[parameters: [('10 рублей !', '1900', 'ФЗ', 'Au', 'XF+', 'Sega269', '34', '8000', 'Закрыто', 'vip', ['2611'], '16', ['38'], '25.01.2007 12:00', 'https://www.wolmar.ru/auction/38/2611'), ('10 рублей !', '1903', 'АР', 'Au', 'XF+', 'Sega269', '10', '7482', 'Закрыто', 'vip', ['2612'], '16', ['38'], '25.01.2007 12:00', 'https://www.wolmar.ru/auction/38/2612'), ('10 рублей !', '1911', 'ЭБ', 'Au', 'XF+', 'Sega269', '40', '7907', 'Закрыто', 'vip', ['2613'], '16', ['38'], '25.01.2007 12:00', 'https://www.wolmar.ru/auction/38/2613'), ('5 рублей !!!', '1835', 'СПБ ПД', 'Au', 'XF+', 'Sega269', '38', '31536', 'Закрыто', 'vip', ['2614'], '16', ['38'], '25.01.2007 12:00', 'https://www.wolmar.ru/auction/38/2614'), ('3 рубля !!! отверстие', '1875', 'СПБ Hi', 'Au', 'XF-', 'Lao', '109', '7615', 'Закрыто', 'vip', ['2615'], '16', ['38'], '25.01.2007 12:00', 'https://www.wolmar.ru/auction/38/2615'), ('1 рубль !', '1738', 'СПБ', 'Ag', 'VF+', 'shulc', '54', '10302', 'Закрыто', 'vip', ['2616'], '16', ['38'], '25.01.2007 12:00', 'https://www.wolmar.ru/auction/38/2616'), ('1 рубль', '1778', 'СПБ ФЛ', 'Ag', 'VF-', 'shulc', '119', '5500', 'Закрыто', 'vip', ['2617'], '16', ['38'], '25.01.2007 12:00', 'https://www.wolmar.ru/auction/38/2617'), ('1 рубль !!', '1809', 'СПБ МК', 'Ag', 'VF++', 'PiNgWIN', '19', '11220', 'Закрыто', 'vip', ['2618'], '16', ['38'], '25.01.2007 12:00', 'https://www.wolmar.ru/auction/38/2618')  ... displaying 10 of 215 total bound parameter sets ...  ('Аргентина. 10 сент !', '1882', '', 'Ag', 'XF', 'Katz', '8', '408', 'Закрыто', 'vip', ['2824'], '16', ['38'], '25.01.2007 12:00', 'https://www.wolmar.ru/auction/38/2824'), ('Аргентина. 10 сент !', '1883', '', 'Ag', 'XF-', 'alex', '48', '299', 'Закрыто', 'vip', ['2825'], '16', ['38'], '25.01.2007 12:00', 'https://www.wolmar.ru/auction/38/2825')]]
(Background on this error at: https://sqlalche.me/e/20/rvf5)]
[2024-06-14 17:00:38.537798] -- [LotAuction.insert_many(data_info_lot).execute()] -- [Не смог записать аукцион с названием аукцион №17; url: https://www.wolmar.ru/auction/39?all=1] -- [(sqlite3.InterfaceError) Error binding parameter 10 - probably unsupported type.
[SQL: INSERT INTO lot_action (title_lot, year_coin, mint, metal_gr, safety, buyer, bids, amount, status, type_auction, id_auction_hidden, id_auction_visible, id_lot_hidden, date_closed, full_url) VALUES (?, ?, ?, ?, ?, ?, ?, ?, ?, ?, ?, ?, ?, ?, ?)]
[parameters: [('10 рублей !', '1902', 'АР', 'Au', 'XF+', 'Thor', '20', '7772', 'Закрыто', 'vip', ['2826'], '17', ['39'], '01.02.2007 12:00', 'https://www.wolmar.ru/auction/39/2826'), ('10 рублей !', '1903', 'АР', 'Au', 'XF+', 'Omgz47', '16', '7268', 'Закрыто', 'vip', ['2827'], '17', ['39'], '01.02.2007 12:00', 'https://www.wolmar.ru/auction/39/2827'), ('5 рублей !', '1901', 'ФЗ', 'Au', 'XF+', 'Thor', '21', '4056', 'Закрыто', 'vip', ['2828'], '17', ['39'], '01.02.2007 12:00', 'https://www.wolmar.ru/auction/39/2828'), ('5 рублей !', '1902', 'АР', 'Au', 'XF+', 'Thor', '46', '4357', 'Закрыто', 'vip', ['2829'], '17', ['39'], '01.02.2007 12:00', 'https://www.wolmar.ru/auction/39/2829'), ('5 рублей !', '1903', 'АР', 'Au', 'XF+', '', '59', '4209', 'Закрыто', 'vip', ['2830'], '17', ['39'], '01.02.2007 12:00', 'https://www.wolmar.ru/auction/39/2830'), ('5 рублей !!!', '1904', 'АР', 'Au', 'XF+', 'koval', '31', '4500', 'Закрыто', 'vip', ['2831'], '17', ['39'], '01.02.2007 12:00', 'https://www.wolmar.ru/auction/39/2831'), ('1 рубль !!!', '1725', 'СПБ', 'Ag', 'VF+', 'Скупщик', '57', '27593', 'Закрыто', 'vip', ['2832'], '17', ['39'], '01.02.2007 12:00', 'https://www.wolmar.ru/auction/39/2832'), ('1 рубль !', '1765', 'СПБ ЯI', 'Ag', 'XF', 'vadim', '46', '11027', 'Закрыто', 'vip', ['2833'], '17', ['39'], '01.02.2007 12:00', 'https://www.wolmar.ru/auction/39/2833')  ... displaying 10 of 242 total bound parameter sets ...  ('50 копеек', '', '', '\\\\\\\\\\', 'VF', '', '39', '39', 'Закрыто', 'vip', ['3068'], '17', ['39'], '01.02.2007 12:00', 'https://www.wolmar.ru/auction/39/3068'), ('50 копеек', '', '', '\\\\\\\\', 'XF', 'koga', '34', '55', 'Закрыто', 'vip', ['3069'], '17', ['39'], '01.02.2007 12:00', 'https://www.wolmar.ru/auction/39/3069')]]
(Background on this error at: https://sqlalche.me/e/20/rvf5)]
[2024-06-14 17:00:43.912879] -- [LotAuction.insert_many(data_info_lot).execute()] -- [Не смог записать аукцион с названием аукцион №18; url: https://www.wolmar.ru/auction/40?all=1] -- [(sqlite3.InterfaceError) Error binding parameter 10 - probably unsupported type.
[SQL: INSERT INTO lot_action (title_lot, year_coin, mint, metal_gr, safety, buyer, bids, amount, status, type_auction, id_auction_hidden, id_auction_visible, id_lot_hidden, date_closed, full_url) VALUES (?, ?, ?, ?, ?, ?, ?, ?, ?, ?, ?, ?, ?, ?, ?)]
[parameters: [('10 рублей !', '1904', 'АР', 'Au', 'XF+', 'Thor', '54', '8414', 'Закрыто', 'vip', ['3070'], '18', ['40'], '08.02.2007 12:00', 'https://www.wolmar.ru/auction/40/3070'), ('10 рублей !', '1911', 'ЭБ', 'Au', 'XF', 'platinum', '75', '7108', 'Закрыто', 'vip', ['3071'], '18', ['40'], '08.02.2007 12:00', 'https://www.wolmar.ru/auction/40/3071'), ('5 рублей !!!', '1839', 'СПБ АЧ', 'Au', 'XF+', 'vadim', '11', '20400', 'Закрыто', 'vip', ['3072'], '18', ['40'], '08.02.2007 12:00', 'https://www.wolmar.ru/auction/40/3072'), ('5 рублей !!!', '1848', 'СПБ АГ', 'Au', 'XF/UNC', 'Sergey567', '62', '26010', 'Закрыто', 'vip', ['3073'], '18', ['40'], '08.02.2007 12:00', 'https://www.wolmar.ru/auction/40/3073'), ('5 рублей', '1900', 'ФЗ', 'Au', 'XF', 'arthur', '16', '3856', 'Закрыто', 'vip', ['3074'], '18', ['40'], '08.02.2007 12:00', 'https://www.wolmar.ru/auction/40/3074'), ('5 рублей', '1901', 'ФЗ', 'Au', 'XF', 'joker', '15', '3927', 'Закрыто', 'vip', ['3075'], '18', ['40'], '08.02.2007 12:00', 'https://www.wolmar.ru/auction/40/3075'), ('1 рубль !!!', '1737', '', 'Ag', 'XF-', 'vadim', '126', '19125', 'Закрыто', 'vip', ['3076'], '18', ['40'], '08.02.2007 12:00', 'https://www.wolmar.ru/auction/40/3076'), ('1 рубль !', '1738', 'СПБ', 'Ag', 'XF-', 'vadim', '122', '19379', 'Закрыто', 'vip', ['3077'], '18', ['40'], '08.02.2007 12:00', 'https://www.wolmar.ru/auction/40/3077')  ... displaying 10 of 230 total bound parameter sets ...  ('1 пенни', '1909', '', 'Сu', 'XF', 'KOT', '16', '144', 'Закрыто', 'vip', ['3298'], '18', ['40'], '08.02.2007 12:00', 'https://www.wolmar.ru/auction/40/3298'), ('8 реалов. Испания.', '1814', '', 'Ag', 'VF+', 'arthur', '80', '1224', 'Закрыто', 'vip', ['3299'], '18', ['40'], '08.02.2007 12:00', 'https://www.wolmar.ru/auction/40/3299')]]
(Background on this error at: https://sqlalche.me/e/20/rvf5)]
[2024-06-14 17:00:50.322440] -- [LotAuction.insert_many(data_info_lot).execute()] -- [Не смог записать аукцион с названием аукцион №19; url: https://www.wolmar.ru/auction/42?all=1] -- [(sqlite3.InterfaceError) Error binding parameter 10 - probably unsupported type.
[SQL: INSERT INTO lot_action (title_lot, year_coin, mint, metal_gr, safety, buyer, bids, amount, status, type_auction, id_auction_hidden, id_auction_visible, id_lot_hidden, date_closed, full_url) VALUES (?, ?, ?, ?, ?, ?, ?, ?, ?, ?, ?, ?, ?, ?, ?)]
[parameters: [('15 рублей !', '1897', 'АГ', 'Au', 'XF+', 'samara_1', '2', '14280', 'Закрыто', 'vip', ['3300'], '19', ['42'], '15.02.2007 12:00', 'https://www.wolmar.ru/auction/42/3300'), ('10 рублей !', '1898', 'АГ', 'Au', 'XF', 'samara_1', '41', '8262', 'Закрыто', 'vip', ['3301'], '19', ['42'], '15.02.2007 12:00', 'https://www.wolmar.ru/auction/42/3301'), ('10 рублей !', '1900', 'ФЗ', 'Au', 'XF+', 'Thor', '27', '7179', 'Закрыто', 'vip', ['3302'], '19', ['42'], '15.02.2007 12:00', 'https://www.wolmar.ru/auction/42/3302'), ('10 рублей !', '1901', 'ФЗ', 'Au', 'XF+', 'Thor', '28', '6899', 'Закрыто', 'vip', ['3303'], '19', ['42'], '15.02.2007 12:00', 'https://www.wolmar.ru/auction/42/3303'), ('10 рублей !', '1911', 'ЭБ', 'Au', 'XF', 'савин', '14', '7053', 'Закрыто', 'vip', ['3305'], '19', ['42'], '15.02.2007 12:00', 'https://www.wolmar.ru/auction/42/3305'), ('5 рублей !!!', '1885', 'СПБ АГ', 'Au', 'XF', 'Grishin69', '17', '15606', 'Закрыто', 'vip', ['3306'], '19', ['42'], '15.02.2007 12:00', 'https://www.wolmar.ru/auction/42/3306'), ('5 рублей', '1899', 'ФЗ', 'Au', 'XF', 'vadim', '14', '3927', 'Закрыто', 'vip', ['3307'], '19', ['42'], '15.02.2007 12:00', 'https://www.wolmar.ru/auction/42/3307'), ('5 рублей', '1900', 'ФЗ', 'Au', 'XF-', 'савин', '10', '3876', 'Закрыто', 'vip', ['3308'], '19', ['42'], '15.02.2007 12:00', 'https://www.wolmar.ru/auction/42/3308')  ... displaying 10 of 244 total bound parameter sets ...  ('10 сент. Малайя.', '1943', '', 'Ag', 'XF', 'arthur', '47', '204', 'Закрыто', 'vip', ['3545'], '19', ['42'], '15.02.2007 12:00', 'https://www.wolmar.ru/auction/42/3545'), ('5 сент. Малайя', '1943', '', 'Ag', 'XF', 'koga', '11', '41', 'Закрыто', 'vip', ['3546'], '19', ['42'], '15.02.2007 12:00', 'https://www.wolmar.ru/auction/42/3546')]]
(Background on this error at: https://sqlalche.me/e/20/rvf5)]
[2024-06-15 11:10:43.119259] -- [LotAuction.insert_many(data_info_lot).execute()] -- [Не смог записать аукцион с названием Аукцион Standart №728; url: https://www.wolmar.ru/auction/1986?all=1] -- [(sqlite3.IntegrityError) UNIQUE constraint failed: lot_action.full_url
[SQL: INSERT INTO lot_action (title_lot, year_coin, mint, metal_gr, safety, buyer, bids, amount, status, type_auction, id_auction_hidden, id_auction_visible, id_lot_hidden, date_closed, full_url) VALUES (?, ?, ?, ?, ?, ?, ?, ?, ?, ?, ?, ?, ?, ?, ?)]
[parameters: [('1 рубль. Заделано отверстие Петров - 1,5 рубля', '1844', 'СПБ КБ', 'Ag', 'XF-', 'оса', '34', '3598', '19.06.2024 10:00:04', 'std', '1986', '728', '6754243', '', 'https://www.wolmar.ru/auction/1986/6754243'), ('1 рубль', '1899', 'ФЗ', 'Ag', 'VF+', 'IliaMo', '23', '681', '19.06.2024 10:00:08', 'std', '1986', '728', '6754244', '', 'https://www.wolmar.ru/auction/1986/6754244'), ('50 копеек', '1897', '*', 'Ag', 'VF+', 'serj978', '5', '5', '19.06.2024 10:00:12', 'std', '1986', '728', '6754245', '', 'https://www.wolmar.ru/auction/1986/6754245'), ('50 копеек', '1899', 'АГ', 'Ag', 'VF-', 'igor1917', '1', '1', '19.06.2024 10:00:16', 'std', '1986', '728', '6754246', '', 'https://www.wolmar.ru/auction/1986/6754246'), ('25 копеек', '1850', 'СПБ ПА', 'Ag', 'VF/XF', 'Странник89', '16', '1264', '19.06.2024 10:00:20', 'std', '1986', '728', '6754247', '', 'https://www.wolmar.ru/auction/1986/6754247'), ('20 копеек', '1813', 'СПБ ПС', 'Ag', 'VF/XF', 'Странник89', '19', '661', '19.06.2024 10:00:24', 'std', '1986', '728', '6754248', '', 'https://www.wolmar.ru/auction/1986/6754248'), ('20 копеек', '1838', 'СПБ НГ', 'Ag', 'VF+', 'Странник89', '4', '774', '19.06.2024 10:00:28', 'std', '1986', '728', '6754249', '', 'https://www.wolmar.ru/auction/1986/6754249'), ('20 копеек. Заделано отверстие', '1860', 'СПБ ФБ', 'Ag', 'VF/XF', 'Vechesslav 74', '1', '1', '19.06.2024 10:00:32', 'std', '1986', '728', '6754250', '', 'https://www.wolmar.ru/auction/1986/6754250')  ... displaying 10 of 6087 total bound parameter sets ...  ('Крест нательный', '', '', 'Cu', 'VF', 'tkenhap', '7', '19', '19.06.2024 16:45:44', 'std', '1986', '728', '6760328', '', 'https://www.wolmar.ru/auction/1986/6760328'), ('Подборка закладок для книг Ралли, 6 шт', '', '', 'Пластмасса', 'XF-AU', '', '0', '1', '19.06.2024 16:45:48', 'std', '1986', '728', '6760329', '', 'https://www.wolmar.ru/auction/1986/6760329')]]
(Background on this error at: https://sqlalche.me/e/20/gkpj)] -- [Traceback (most recent call last):
  File "/home/egor/PycharmProjects/work/walmar_numizmat_parser/env/lib/python3.10/site-packages/sqlalchemy/engine/base.py", line 1936, in _exec_single_context
    self.dialect.do_executemany(
  File "/home/egor/PycharmProjects/work/walmar_numizmat_parser/env/lib/python3.10/site-packages/sqlalchemy/engine/default.py", line 921, in do_executemany
    cursor.executemany(statement, parameters)
sqlite3.IntegrityError: UNIQUE constraint failed: lot_action.full_url

The above exception was the direct cause of the following exception:

Traceback (most recent call last):
  File "/home/egor/PycharmProjects/work/walmar_numizmat_parser/main_sqlal.py", line 65, in <module>
    res = session.bulk_insert_mappings(LotAuction, data_info_lot)
  File "/home/egor/PycharmProjects/work/walmar_numizmat_parser/env/lib/python3.10/site-packages/sqlalchemy/orm/session.py", line 4657, in bulk_insert_mappings
    self._bulk_save_mappings(
  File "/home/egor/PycharmProjects/work/walmar_numizmat_parser/env/lib/python3.10/site-packages/sqlalchemy/orm/session.py", line 4751, in _bulk_save_mappings
    with util.safe_reraise():
  File "/home/egor/PycharmProjects/work/walmar_numizmat_parser/env/lib/python3.10/site-packages/sqlalchemy/util/langhelpers.py", line 146, in __exit__
    raise exc_value.with_traceback(exc_tb)
  File "/home/egor/PycharmProjects/work/walmar_numizmat_parser/env/lib/python3.10/site-packages/sqlalchemy/orm/session.py", line 4740, in _bulk_save_mappings
    bulk_persistence._bulk_insert(
  File "/home/egor/PycharmProjects/work/walmar_numizmat_parser/env/lib/python3.10/site-packages/sqlalchemy/orm/bulk_persistence.py", line 200, in _bulk_insert
    result = persistence._emit_insert_statements(
  File "/home/egor/PycharmProjects/work/walmar_numizmat_parser/env/lib/python3.10/site-packages/sqlalchemy/orm/persistence.py", line 1048, in _emit_insert_statements
    result = connection.execute(
  File "/home/egor/PycharmProjects/work/walmar_numizmat_parser/env/lib/python3.10/site-packages/sqlalchemy/engine/base.py", line 1418, in execute
    return meth(
  File "/home/egor/PycharmProjects/work/walmar_numizmat_parser/env/lib/python3.10/site-packages/sqlalchemy/sql/elements.py", line 515, in _execute_on_connection
    return connection._execute_clauseelement(
  File "/home/egor/PycharmProjects/work/walmar_numizmat_parser/env/lib/python3.10/site-packages/sqlalchemy/engine/base.py", line 1640, in _execute_clauseelement
    ret = self._execute_context(
  File "/home/egor/PycharmProjects/work/walmar_numizmat_parser/env/lib/python3.10/site-packages/sqlalchemy/engine/base.py", line 1846, in _execute_context
    return self._exec_single_context(
  File "/home/egor/PycharmProjects/work/walmar_numizmat_parser/env/lib/python3.10/site-packages/sqlalchemy/engine/base.py", line 1986, in _exec_single_context
    self._handle_dbapi_exception(
  File "/home/egor/PycharmProjects/work/walmar_numizmat_parser/env/lib/python3.10/site-packages/sqlalchemy/engine/base.py", line 2353, in _handle_dbapi_exception
    raise sqlalchemy_exception.with_traceback(exc_info[2]) from e
  File "/home/egor/PycharmProjects/work/walmar_numizmat_parser/env/lib/python3.10/site-packages/sqlalchemy/engine/base.py", line 1936, in _exec_single_context
    self.dialect.do_executemany(
  File "/home/egor/PycharmProjects/work/walmar_numizmat_parser/env/lib/python3.10/site-packages/sqlalchemy/engine/default.py", line 921, in do_executemany
    cursor.executemany(statement, parameters)
sqlalchemy.exc.IntegrityError: (sqlite3.IntegrityError) UNIQUE constraint failed: lot_action.full_url
[SQL: INSERT INTO lot_action (title_lot, year_coin, mint, metal_gr, safety, buyer, bids, amount, status, type_auction, id_auction_hidden, id_auction_visible, id_lot_hidden, date_closed, full_url) VALUES (?, ?, ?, ?, ?, ?, ?, ?, ?, ?, ?, ?, ?, ?, ?)]
[parameters: [('1 рубль. Заделано отверстие Петров - 1,5 рубля', '1844', 'СПБ КБ', 'Ag', 'XF-', 'оса', '34', '3598', '19.06.2024 10:00:04', 'std', '1986', '728', '6754243', '', 'https://www.wolmar.ru/auction/1986/6754243'), ('1 рубль', '1899', 'ФЗ', 'Ag', 'VF+', 'IliaMo', '23', '681', '19.06.2024 10:00:08', 'std', '1986', '728', '6754244', '', 'https://www.wolmar.ru/auction/1986/6754244'), ('50 копеек', '1897', '*', 'Ag', 'VF+', 'serj978', '5', '5', '19.06.2024 10:00:12', 'std', '1986', '728', '6754245', '', 'https://www.wolmar.ru/auction/1986/6754245'), ('50 копеек', '1899', 'АГ', 'Ag', 'VF-', 'igor1917', '1', '1', '19.06.2024 10:00:16', 'std', '1986', '728', '6754246', '', 'https://www.wolmar.ru/auction/1986/6754246'), ('25 копеек', '1850', 'СПБ ПА', 'Ag', 'VF/XF', 'Странник89', '16', '1264', '19.06.2024 10:00:20', 'std', '1986', '728', '6754247', '', 'https://www.wolmar.ru/auction/1986/6754247'), ('20 копеек', '1813', 'СПБ ПС', 'Ag', 'VF/XF', 'Странник89', '19', '661', '19.06.2024 10:00:24', 'std', '1986', '728', '6754248', '', 'https://www.wolmar.ru/auction/1986/6754248'), ('20 копеек', '1838', 'СПБ НГ', 'Ag', 'VF+', 'Странник89', '4', '774', '19.06.2024 10:00:28', 'std', '1986', '728', '6754249', '', 'https://www.wolmar.ru/auction/1986/6754249'), ('20 копеек. Заделано отверстие', '1860', 'СПБ ФБ', 'Ag', 'VF/XF', 'Vechesslav 74', '1', '1', '19.06.2024 10:00:32', 'std', '1986', '728', '6754250', '', 'https://www.wolmar.ru/auction/1986/6754250')  ... displaying 10 of 6087 total bound parameter sets ...  ('Крест нательный', '', '', 'Cu', 'VF', 'tkenhap', '7', '19', '19.06.2024 16:45:44', 'std', '1986', '728', '6760328', '', 'https://www.wolmar.ru/auction/1986/6760328'), ('Подборка закладок для книг Ралли, 6 шт', '', '', 'Пластмасса', 'XF-AU', '', '0', '1', '19.06.2024 16:45:48', 'std', '1986', '728', '6760329', '', 'https://www.wolmar.ru/auction/1986/6760329')]]
(Background on this error at: https://sqlalche.me/e/20/gkpj)
]
[2024-06-15 11:17:30.180666] -- [LotAuction.insert_many(data_info_lot).execute()] -- [Не смог записать аукцион с названием Аукцион Standart №728; url: https://www.wolmar.ru/auction/1986?all=1] -- [(sqlite3.IntegrityError) UNIQUE constraint failed: lot_action.full_url
[SQL: INSERT INTO lot_action (title_lot, year_coin, mint, metal_gr, safety, buyer, bids, amount, status, type_auction, id_auction_hidden, id_auction_visible, id_lot_hidden, date_closed, full_url) VALUES (?, ?, ?, ?, ?, ?, ?, ?, ?, ?, ?, ?, ?, ?, ?)]
[parameters: [('1 рубль. Заделано отверстие Петров - 1,5 рубля', '1844', 'СПБ КБ', 'Ag', 'XF-', 'оса', '34', '3598', '19.06.2024 10:00:04', 'std', '1986', '728', '6754243', '', 'https://www.wolmar.ru/auction/1986/6754243'), ('1 рубль', '1899', 'ФЗ', 'Ag', 'VF+', 'IliaMo', '23', '681', '19.06.2024 10:00:08', 'std', '1986', '728', '6754244', '', 'https://www.wolmar.ru/auction/1986/6754244'), ('50 копеек', '1897', '*', 'Ag', 'VF+', 'serj978', '5', '5', '19.06.2024 10:00:12', 'std', '1986', '728', '6754245', '', 'https://www.wolmar.ru/auction/1986/6754245'), ('50 копеек', '1899', 'АГ', 'Ag', 'VF-', 'igor1917', '1', '1', '19.06.2024 10:00:16', 'std', '1986', '728', '6754246', '', 'https://www.wolmar.ru/auction/1986/6754246'), ('25 копеек', '1850', 'СПБ ПА', 'Ag', 'VF/XF', 'Странник89', '16', '1264', '19.06.2024 10:00:20', 'std', '1986', '728', '6754247', '', 'https://www.wolmar.ru/auction/1986/6754247'), ('20 копеек', '1813', 'СПБ ПС', 'Ag', 'VF/XF', 'Странник89', '19', '661', '19.06.2024 10:00:24', 'std', '1986', '728', '6754248', '', 'https://www.wolmar.ru/auction/1986/6754248'), ('20 копеек', '1838', 'СПБ НГ', 'Ag', 'VF+', 'Странник89', '4', '774', '19.06.2024 10:00:28', 'std', '1986', '728', '6754249', '', 'https://www.wolmar.ru/auction/1986/6754249'), ('20 копеек. Заделано отверстие', '1860', 'СПБ ФБ', 'Ag', 'VF/XF', 'Vechesslav 74', '1', '1', '19.06.2024 10:00:32', 'std', '1986', '728', '6754250', '', 'https://www.wolmar.ru/auction/1986/6754250')  ... displaying 10 of 6087 total bound parameter sets ...  ('Крест нательный', '', '', 'Cu', 'VF', 'tkenhap', '7', '19', '19.06.2024 16:45:44', 'std', '1986', '728', '6760328', '', 'https://www.wolmar.ru/auction/1986/6760328'), ('Подборка закладок для книг Ралли, 6 шт', '', '', 'Пластмасса', 'XF-AU', '', '0', '1', '19.06.2024 16:45:48', 'std', '1986', '728', '6760329', '', 'https://www.wolmar.ru/auction/1986/6760329')]]
(Background on this error at: https://sqlalche.me/e/20/gkpj)] -- [Traceback (most recent call last):
  File "/home/egor/PycharmProjects/work/walmar_numizmat_parser/env/lib/python3.10/site-packages/sqlalchemy/engine/base.py", line 1936, in _exec_single_context
    self.dialect.do_executemany(
  File "/home/egor/PycharmProjects/work/walmar_numizmat_parser/env/lib/python3.10/site-packages/sqlalchemy/engine/default.py", line 921, in do_executemany
    cursor.executemany(statement, parameters)
sqlite3.IntegrityError: UNIQUE constraint failed: lot_action.full_url

The above exception was the direct cause of the following exception:

Traceback (most recent call last):
  File "/home/egor/PycharmProjects/work/walmar_numizmat_parser/main_sqlal.py", line 65, in <module>
    res = session.bulk_insert_mappings(LotAuction, data_info_lot)
  File "/home/egor/PycharmProjects/work/walmar_numizmat_parser/env/lib/python3.10/site-packages/sqlalchemy/orm/session.py", line 4657, in bulk_insert_mappings
    self._bulk_save_mappings(
  File "/home/egor/PycharmProjects/work/walmar_numizmat_parser/env/lib/python3.10/site-packages/sqlalchemy/orm/session.py", line 4751, in _bulk_save_mappings
    with util.safe_reraise():
  File "/home/egor/PycharmProjects/work/walmar_numizmat_parser/env/lib/python3.10/site-packages/sqlalchemy/util/langhelpers.py", line 146, in __exit__
    raise exc_value.with_traceback(exc_tb)
  File "/home/egor/PycharmProjects/work/walmar_numizmat_parser/env/lib/python3.10/site-packages/sqlalchemy/orm/session.py", line 4740, in _bulk_save_mappings
    bulk_persistence._bulk_insert(
  File "/home/egor/PycharmProjects/work/walmar_numizmat_parser/env/lib/python3.10/site-packages/sqlalchemy/orm/bulk_persistence.py", line 200, in _bulk_insert
    result = persistence._emit_insert_statements(
  File "/home/egor/PycharmProjects/work/walmar_numizmat_parser/env/lib/python3.10/site-packages/sqlalchemy/orm/persistence.py", line 1048, in _emit_insert_statements
    result = connection.execute(
  File "/home/egor/PycharmProjects/work/walmar_numizmat_parser/env/lib/python3.10/site-packages/sqlalchemy/engine/base.py", line 1418, in execute
    return meth(
  File "/home/egor/PycharmProjects/work/walmar_numizmat_parser/env/lib/python3.10/site-packages/sqlalchemy/sql/elements.py", line 515, in _execute_on_connection
    return connection._execute_clauseelement(
  File "/home/egor/PycharmProjects/work/walmar_numizmat_parser/env/lib/python3.10/site-packages/sqlalchemy/engine/base.py", line 1640, in _execute_clauseelement
    ret = self._execute_context(
  File "/home/egor/PycharmProjects/work/walmar_numizmat_parser/env/lib/python3.10/site-packages/sqlalchemy/engine/base.py", line 1846, in _execute_context
    return self._exec_single_context(
  File "/home/egor/PycharmProjects/work/walmar_numizmat_parser/env/lib/python3.10/site-packages/sqlalchemy/engine/base.py", line 1986, in _exec_single_context
    self._handle_dbapi_exception(
  File "/home/egor/PycharmProjects/work/walmar_numizmat_parser/env/lib/python3.10/site-packages/sqlalchemy/engine/base.py", line 2353, in _handle_dbapi_exception
    raise sqlalchemy_exception.with_traceback(exc_info[2]) from e
  File "/home/egor/PycharmProjects/work/walmar_numizmat_parser/env/lib/python3.10/site-packages/sqlalchemy/engine/base.py", line 1936, in _exec_single_context
    self.dialect.do_executemany(
  File "/home/egor/PycharmProjects/work/walmar_numizmat_parser/env/lib/python3.10/site-packages/sqlalchemy/engine/default.py", line 921, in do_executemany
    cursor.executemany(statement, parameters)
sqlalchemy.exc.IntegrityError: (sqlite3.IntegrityError) UNIQUE constraint failed: lot_action.full_url
[SQL: INSERT INTO lot_action (title_lot, year_coin, mint, metal_gr, safety, buyer, bids, amount, status, type_auction, id_auction_hidden, id_auction_visible, id_lot_hidden, date_closed, full_url) VALUES (?, ?, ?, ?, ?, ?, ?, ?, ?, ?, ?, ?, ?, ?, ?)]
[parameters: [('1 рубль. Заделано отверстие Петров - 1,5 рубля', '1844', 'СПБ КБ', 'Ag', 'XF-', 'оса', '34', '3598', '19.06.2024 10:00:04', 'std', '1986', '728', '6754243', '', 'https://www.wolmar.ru/auction/1986/6754243'), ('1 рубль', '1899', 'ФЗ', 'Ag', 'VF+', 'IliaMo', '23', '681', '19.06.2024 10:00:08', 'std', '1986', '728', '6754244', '', 'https://www.wolmar.ru/auction/1986/6754244'), ('50 копеек', '1897', '*', 'Ag', 'VF+', 'serj978', '5', '5', '19.06.2024 10:00:12', 'std', '1986', '728', '6754245', '', 'https://www.wolmar.ru/auction/1986/6754245'), ('50 копеек', '1899', 'АГ', 'Ag', 'VF-', 'igor1917', '1', '1', '19.06.2024 10:00:16', 'std', '1986', '728', '6754246', '', 'https://www.wolmar.ru/auction/1986/6754246'), ('25 копеек', '1850', 'СПБ ПА', 'Ag', 'VF/XF', 'Странник89', '16', '1264', '19.06.2024 10:00:20', 'std', '1986', '728', '6754247', '', 'https://www.wolmar.ru/auction/1986/6754247'), ('20 копеек', '1813', 'СПБ ПС', 'Ag', 'VF/XF', 'Странник89', '19', '661', '19.06.2024 10:00:24', 'std', '1986', '728', '6754248', '', 'https://www.wolmar.ru/auction/1986/6754248'), ('20 копеек', '1838', 'СПБ НГ', 'Ag', 'VF+', 'Странник89', '4', '774', '19.06.2024 10:00:28', 'std', '1986', '728', '6754249', '', 'https://www.wolmar.ru/auction/1986/6754249'), ('20 копеек. Заделано отверстие', '1860', 'СПБ ФБ', 'Ag', 'VF/XF', 'Vechesslav 74', '1', '1', '19.06.2024 10:00:32', 'std', '1986', '728', '6754250', '', 'https://www.wolmar.ru/auction/1986/6754250')  ... displaying 10 of 6087 total bound parameter sets ...  ('Крест нательный', '', '', 'Cu', 'VF', 'tkenhap', '7', '19', '19.06.2024 16:45:44', 'std', '1986', '728', '6760328', '', 'https://www.wolmar.ru/auction/1986/6760328'), ('Подборка закладок для книг Ралли, 6 шт', '', '', 'Пластмасса', 'XF-AU', '', '0', '1', '19.06.2024 16:45:48', 'std', '1986', '728', '6760329', '', 'https://www.wolmar.ru/auction/1986/6760329')]]
(Background on this error at: https://sqlalche.me/e/20/gkpj)
]
[2024-06-15 11:20:54.105389] -- [LotAuction.insert_many(data_info_lot).execute()] -- [Не смог записать аукцион с названием Аукцион Standart №728; url: https://www.wolmar.ru/auction/1986?all=1] -- [(sqlite3.IntegrityError) UNIQUE constraint failed: lot_action.full_url
[SQL: INSERT INTO lot_action (title_lot, year_coin, mint, metal_gr, safety, buyer, bids, amount, status, type_auction, id_auction_hidden, id_auction_visible, id_lot_hidden, date_closed, full_url) VALUES (?, ?, ?, ?, ?, ?, ?, ?, ?, ?, ?, ?, ?, ?, ?)]
[parameters: [('1 рубль. Заделано отверстие Петров - 1,5 рубля', '1844', 'СПБ КБ', 'Ag', 'XF-', 'оса', '34', '3598', '19.06.2024 10:00:04', 'std', '1986', '728', '6754243', '', 'https://www.wolmar.ru/auction/1986/6754243'), ('1 рубль', '1899', 'ФЗ', 'Ag', 'VF+', 'IliaMo', '23', '681', '19.06.2024 10:00:08', 'std', '1986', '728', '6754244', '', 'https://www.wolmar.ru/auction/1986/6754244'), ('50 копеек', '1897', '*', 'Ag', 'VF+', 'serj978', '5', '5', '19.06.2024 10:00:12', 'std', '1986', '728', '6754245', '', 'https://www.wolmar.ru/auction/1986/6754245'), ('50 копеек', '1899', 'АГ', 'Ag', 'VF-', 'igor1917', '1', '1', '19.06.2024 10:00:16', 'std', '1986', '728', '6754246', '', 'https://www.wolmar.ru/auction/1986/6754246'), ('25 копеек', '1850', 'СПБ ПА', 'Ag', 'VF/XF', 'Странник89', '16', '1264', '19.06.2024 10:00:20', 'std', '1986', '728', '6754247', '', 'https://www.wolmar.ru/auction/1986/6754247'), ('20 копеек', '1813', 'СПБ ПС', 'Ag', 'VF/XF', 'Странник89', '19', '661', '19.06.2024 10:00:24', 'std', '1986', '728', '6754248', '', 'https://www.wolmar.ru/auction/1986/6754248'), ('20 копеек', '1838', 'СПБ НГ', 'Ag', 'VF+', 'Странник89', '4', '774', '19.06.2024 10:00:28', 'std', '1986', '728', '6754249', '', 'https://www.wolmar.ru/auction/1986/6754249'), ('20 копеек. Заделано отверстие', '1860', 'СПБ ФБ', 'Ag', 'VF/XF', 'Vechesslav 74', '1', '1', '19.06.2024 10:00:32', 'std', '1986', '728', '6754250', '', 'https://www.wolmar.ru/auction/1986/6754250')  ... displaying 10 of 6087 total bound parameter sets ...  ('Крест нательный', '', '', 'Cu', 'VF', 'tkenhap', '7', '19', '19.06.2024 16:45:44', 'std', '1986', '728', '6760328', '', 'https://www.wolmar.ru/auction/1986/6760328'), ('Подборка закладок для книг Ралли, 6 шт', '', '', 'Пластмасса', 'XF-AU', '', '0', '1', '19.06.2024 16:45:48', 'std', '1986', '728', '6760329', '', 'https://www.wolmar.ru/auction/1986/6760329')]]
(Background on this error at: https://sqlalche.me/e/20/gkpj)] -- [Traceback (most recent call last):
  File "/home/egor/PycharmProjects/work/walmar_numizmat_parser/env/lib/python3.10/site-packages/sqlalchemy/engine/base.py", line 1936, in _exec_single_context
    self.dialect.do_executemany(
  File "/home/egor/PycharmProjects/work/walmar_numizmat_parser/env/lib/python3.10/site-packages/sqlalchemy/engine/default.py", line 921, in do_executemany
    cursor.executemany(statement, parameters)
sqlite3.IntegrityError: UNIQUE constraint failed: lot_action.full_url

The above exception was the direct cause of the following exception:

Traceback (most recent call last):
  File "/home/egor/PycharmProjects/work/walmar_numizmat_parser/main_sqlal.py", line 65, in <module>
    res = session.bulk_insert_mappings(LotAuction, data_info_lot)
  File "/home/egor/PycharmProjects/work/walmar_numizmat_parser/env/lib/python3.10/site-packages/sqlalchemy/orm/session.py", line 4657, in bulk_insert_mappings
    self._bulk_save_mappings(
  File "/home/egor/PycharmProjects/work/walmar_numizmat_parser/env/lib/python3.10/site-packages/sqlalchemy/orm/session.py", line 4751, in _bulk_save_mappings
    with util.safe_reraise():
  File "/home/egor/PycharmProjects/work/walmar_numizmat_parser/env/lib/python3.10/site-packages/sqlalchemy/util/langhelpers.py", line 146, in __exit__
    raise exc_value.with_traceback(exc_tb)
  File "/home/egor/PycharmProjects/work/walmar_numizmat_parser/env/lib/python3.10/site-packages/sqlalchemy/orm/session.py", line 4740, in _bulk_save_mappings
    bulk_persistence._bulk_insert(
  File "/home/egor/PycharmProjects/work/walmar_numizmat_parser/env/lib/python3.10/site-packages/sqlalchemy/orm/bulk_persistence.py", line 200, in _bulk_insert
    result = persistence._emit_insert_statements(
  File "/home/egor/PycharmProjects/work/walmar_numizmat_parser/env/lib/python3.10/site-packages/sqlalchemy/orm/persistence.py", line 1048, in _emit_insert_statements
    result = connection.execute(
  File "/home/egor/PycharmProjects/work/walmar_numizmat_parser/env/lib/python3.10/site-packages/sqlalchemy/engine/base.py", line 1418, in execute
    return meth(
  File "/home/egor/PycharmProjects/work/walmar_numizmat_parser/env/lib/python3.10/site-packages/sqlalchemy/sql/elements.py", line 515, in _execute_on_connection
    return connection._execute_clauseelement(
  File "/home/egor/PycharmProjects/work/walmar_numizmat_parser/env/lib/python3.10/site-packages/sqlalchemy/engine/base.py", line 1640, in _execute_clauseelement
    ret = self._execute_context(
  File "/home/egor/PycharmProjects/work/walmar_numizmat_parser/env/lib/python3.10/site-packages/sqlalchemy/engine/base.py", line 1846, in _execute_context
    return self._exec_single_context(
  File "/home/egor/PycharmProjects/work/walmar_numizmat_parser/env/lib/python3.10/site-packages/sqlalchemy/engine/base.py", line 1986, in _exec_single_context
    self._handle_dbapi_exception(
  File "/home/egor/PycharmProjects/work/walmar_numizmat_parser/env/lib/python3.10/site-packages/sqlalchemy/engine/base.py", line 2353, in _handle_dbapi_exception
    raise sqlalchemy_exception.with_traceback(exc_info[2]) from e
  File "/home/egor/PycharmProjects/work/walmar_numizmat_parser/env/lib/python3.10/site-packages/sqlalchemy/engine/base.py", line 1936, in _exec_single_context
    self.dialect.do_executemany(
  File "/home/egor/PycharmProjects/work/walmar_numizmat_parser/env/lib/python3.10/site-packages/sqlalchemy/engine/default.py", line 921, in do_executemany
    cursor.executemany(statement, parameters)
sqlalchemy.exc.IntegrityError: (sqlite3.IntegrityError) UNIQUE constraint failed: lot_action.full_url
[SQL: INSERT INTO lot_action (title_lot, year_coin, mint, metal_gr, safety, buyer, bids, amount, status, type_auction, id_auction_hidden, id_auction_visible, id_lot_hidden, date_closed, full_url) VALUES (?, ?, ?, ?, ?, ?, ?, ?, ?, ?, ?, ?, ?, ?, ?)]
[parameters: [('1 рубль. Заделано отверстие Петров - 1,5 рубля', '1844', 'СПБ КБ', 'Ag', 'XF-', 'оса', '34', '3598', '19.06.2024 10:00:04', 'std', '1986', '728', '6754243', '', 'https://www.wolmar.ru/auction/1986/6754243'), ('1 рубль', '1899', 'ФЗ', 'Ag', 'VF+', 'IliaMo', '23', '681', '19.06.2024 10:00:08', 'std', '1986', '728', '6754244', '', 'https://www.wolmar.ru/auction/1986/6754244'), ('50 копеек', '1897', '*', 'Ag', 'VF+', 'serj978', '5', '5', '19.06.2024 10:00:12', 'std', '1986', '728', '6754245', '', 'https://www.wolmar.ru/auction/1986/6754245'), ('50 копеек', '1899', 'АГ', 'Ag', 'VF-', 'igor1917', '1', '1', '19.06.2024 10:00:16', 'std', '1986', '728', '6754246', '', 'https://www.wolmar.ru/auction/1986/6754246'), ('25 копеек', '1850', 'СПБ ПА', 'Ag', 'VF/XF', 'Странник89', '16', '1264', '19.06.2024 10:00:20', 'std', '1986', '728', '6754247', '', 'https://www.wolmar.ru/auction/1986/6754247'), ('20 копеек', '1813', 'СПБ ПС', 'Ag', 'VF/XF', 'Странник89', '19', '661', '19.06.2024 10:00:24', 'std', '1986', '728', '6754248', '', 'https://www.wolmar.ru/auction/1986/6754248'), ('20 копеек', '1838', 'СПБ НГ', 'Ag', 'VF+', 'Странник89', '4', '774', '19.06.2024 10:00:28', 'std', '1986', '728', '6754249', '', 'https://www.wolmar.ru/auction/1986/6754249'), ('20 копеек. Заделано отверстие', '1860', 'СПБ ФБ', 'Ag', 'VF/XF', 'Vechesslav 74', '1', '1', '19.06.2024 10:00:32', 'std', '1986', '728', '6754250', '', 'https://www.wolmar.ru/auction/1986/6754250')  ... displaying 10 of 6087 total bound parameter sets ...  ('Крест нательный', '', '', 'Cu', 'VF', 'tkenhap', '7', '19', '19.06.2024 16:45:44', 'std', '1986', '728', '6760328', '', 'https://www.wolmar.ru/auction/1986/6760328'), ('Подборка закладок для книг Ралли, 6 шт', '', '', 'Пластмасса', 'XF-AU', '', '0', '1', '19.06.2024 16:45:48', 'std', '1986', '728', '6760329', '', 'https://www.wolmar.ru/auction/1986/6760329')]]
(Background on this error at: https://sqlalche.me/e/20/gkpj)
]
[2024-06-15 11:36:01.432829] -- [LotAuction.insert_many(data_info_lot).execute()] -- [Не смог записать аукцион с названием Аукцион VIP №903; url: https://www.wolmar.ru/auction/1987?all=1] -- [(sqlite3.IntegrityError) UNIQUE constraint failed: lot_action.full_url
[SQL: INSERT INTO lot_action (title_lot, year_coin, mint, metal_gr, safety, buyer, bids, amount, status, type_auction, id_auction_hidden, id_auction_visible, id_lot_hidden, date_closed, full_url) VALUES (?, ?, ?, ?, ?, ?, ?, ?, ?, ?, ?, ?, ?, ?, ?)]
[parameters: [('15 рублей. СС R', '1897', 'АГ', 'Au 12,84', 'XF+', 'ShikP', '133', '82471', '20.06.2024 10:00:04', 'vip', '1987', '903', '6766396', '', 'https://www.wolmar.ru/auction/1987/6766396'), ('15 рублей. РОСС. NGS русский', '1897', 'АГ', 'Au', 'MS 62', 'choko62', '24', '178305', '20.06.2024 10:00:08', 'vip', '1987', '903', '6766397', '', 'https://www.wolmar.ru/auction/1987/6766397'), ('10 рублей R Петров - 22 рубля, Ильин - 20 рублей', '1776', 'СПБ TI', 'Au 11,71', 'VF/XF', 'XarT', '38', '153750', '20.06.2024 10:00:12', 'vip', '1987', '903', '6766398', '', 'https://www.wolmar.ru/auction/1987/6766398'), ('10 рублей', '1894', 'АГ', 'Au', 'MS 61', 'lomas92', '16', '130305', '20.06.2024 10:00:16', 'vip', '1987', '903', '6766399', '', 'https://www.wolmar.ru/auction/1987/6766399'), ('10 рублей. NGS русский', '1898', 'АГ', 'Au', 'MS 61', 'lacetti', '11', '10250', '20.06.2024 10:00:20', 'vip', '1987', '903', '6766400', '', 'https://www.wolmar.ru/auction/1987/6766400'), ('10 рублей', '1899', 'АГ', 'Au', 'MS 63', 'Maxons75', '17', '29725', '20.06.2024 10:00:24', 'vip', '1987', '903', '6766401', '', 'https://www.wolmar.ru/auction/1987/6766401'), ('10 рублей', '1899', 'АГ', 'Au', 'MS 63', 'ХВС', '45', '41000', '20.06.2024 10:00:28', 'vip', '1987', '903', '6766402', '', 'https://www.wolmar.ru/auction/1987/6766402'), ('10 рублей', '1899', 'АГ', 'Au', 'MS 63', 'lapochka8888', '19', '18450', '20.06.2024 10:00:32', 'vip', '1987', '903', '6766403', '', 'https://www.wolmar.ru/auction/1987/6766403')  ... displaying 10 of 6316 total bound parameter sets ...  ('Кавказ и Восточная Европа в древности. Памяти Е.И. Крупнова.', '', '', 'Бумага', 'ХХ', '', '0', '1', '20.06.2024 17:01:00', 'vip', '1987', '903', '6779122', '', 'https://www.wolmar.ru/auction/1987/6779122'), ('Сборник Нумизматичар. №37, 2019.', '', '', 'Бумага', 'ХХ', '', '0', '1', '20.06.2024 17:01:04', 'vip', '1987', '903', '6779123', '', 'https://www.wolmar.ru/auction/1987/6779123')]]
(Background on this error at: https://sqlalche.me/e/20/gkpj)] -- [Traceback (most recent call last):
  File "/home/egor/PycharmProjects/work/walmar_numizmat_parser/env/lib/python3.10/site-packages/sqlalchemy/engine/base.py", line 1936, in _exec_single_context
    self.dialect.do_executemany(
  File "/home/egor/PycharmProjects/work/walmar_numizmat_parser/env/lib/python3.10/site-packages/sqlalchemy/engine/default.py", line 921, in do_executemany
    cursor.executemany(statement, parameters)
sqlite3.IntegrityError: UNIQUE constraint failed: lot_action.full_url

The above exception was the direct cause of the following exception:

Traceback (most recent call last):
  File "/home/egor/PycharmProjects/work/walmar_numizmat_parser/main_sqlal.py", line 69, in <module>
    res = session.bulk_insert_mappings(LotAuction, data_info_lot)
  File "/home/egor/PycharmProjects/work/walmar_numizmat_parser/env/lib/python3.10/site-packages/sqlalchemy/orm/session.py", line 4657, in bulk_insert_mappings
    self._bulk_save_mappings(
  File "/home/egor/PycharmProjects/work/walmar_numizmat_parser/env/lib/python3.10/site-packages/sqlalchemy/orm/session.py", line 4751, in _bulk_save_mappings
    with util.safe_reraise():
  File "/home/egor/PycharmProjects/work/walmar_numizmat_parser/env/lib/python3.10/site-packages/sqlalchemy/util/langhelpers.py", line 146, in __exit__
    raise exc_value.with_traceback(exc_tb)
  File "/home/egor/PycharmProjects/work/walmar_numizmat_parser/env/lib/python3.10/site-packages/sqlalchemy/orm/session.py", line 4740, in _bulk_save_mappings
    bulk_persistence._bulk_insert(
  File "/home/egor/PycharmProjects/work/walmar_numizmat_parser/env/lib/python3.10/site-packages/sqlalchemy/orm/bulk_persistence.py", line 200, in _bulk_insert
    result = persistence._emit_insert_statements(
  File "/home/egor/PycharmProjects/work/walmar_numizmat_parser/env/lib/python3.10/site-packages/sqlalchemy/orm/persistence.py", line 1048, in _emit_insert_statements
    result = connection.execute(
  File "/home/egor/PycharmProjects/work/walmar_numizmat_parser/env/lib/python3.10/site-packages/sqlalchemy/engine/base.py", line 1418, in execute
    return meth(
  File "/home/egor/PycharmProjects/work/walmar_numizmat_parser/env/lib/python3.10/site-packages/sqlalchemy/sql/elements.py", line 515, in _execute_on_connection
    return connection._execute_clauseelement(
  File "/home/egor/PycharmProjects/work/walmar_numizmat_parser/env/lib/python3.10/site-packages/sqlalchemy/engine/base.py", line 1640, in _execute_clauseelement
    ret = self._execute_context(
  File "/home/egor/PycharmProjects/work/walmar_numizmat_parser/env/lib/python3.10/site-packages/sqlalchemy/engine/base.py", line 1846, in _execute_context
    return self._exec_single_context(
  File "/home/egor/PycharmProjects/work/walmar_numizmat_parser/env/lib/python3.10/site-packages/sqlalchemy/engine/base.py", line 1986, in _exec_single_context
    self._handle_dbapi_exception(
  File "/home/egor/PycharmProjects/work/walmar_numizmat_parser/env/lib/python3.10/site-packages/sqlalchemy/engine/base.py", line 2353, in _handle_dbapi_exception
    raise sqlalchemy_exception.with_traceback(exc_info[2]) from e
  File "/home/egor/PycharmProjects/work/walmar_numizmat_parser/env/lib/python3.10/site-packages/sqlalchemy/engine/base.py", line 1936, in _exec_single_context
    self.dialect.do_executemany(
  File "/home/egor/PycharmProjects/work/walmar_numizmat_parser/env/lib/python3.10/site-packages/sqlalchemy/engine/default.py", line 921, in do_executemany
    cursor.executemany(statement, parameters)
sqlalchemy.exc.IntegrityError: (sqlite3.IntegrityError) UNIQUE constraint failed: lot_action.full_url
[SQL: INSERT INTO lot_action (title_lot, year_coin, mint, metal_gr, safety, buyer, bids, amount, status, type_auction, id_auction_hidden, id_auction_visible, id_lot_hidden, date_closed, full_url) VALUES (?, ?, ?, ?, ?, ?, ?, ?, ?, ?, ?, ?, ?, ?, ?)]
[parameters: [('15 рублей. СС R', '1897', 'АГ', 'Au 12,84', 'XF+', 'ShikP', '133', '82471', '20.06.2024 10:00:04', 'vip', '1987', '903', '6766396', '', 'https://www.wolmar.ru/auction/1987/6766396'), ('15 рублей. РОСС. NGS русский', '1897', 'АГ', 'Au', 'MS 62', 'choko62', '24', '178305', '20.06.2024 10:00:08', 'vip', '1987', '903', '6766397', '', 'https://www.wolmar.ru/auction/1987/6766397'), ('10 рублей R Петров - 22 рубля, Ильин - 20 рублей', '1776', 'СПБ TI', 'Au 11,71', 'VF/XF', 'XarT', '38', '153750', '20.06.2024 10:00:12', 'vip', '1987', '903', '6766398', '', 'https://www.wolmar.ru/auction/1987/6766398'), ('10 рублей', '1894', 'АГ', 'Au', 'MS 61', 'lomas92', '16', '130305', '20.06.2024 10:00:16', 'vip', '1987', '903', '6766399', '', 'https://www.wolmar.ru/auction/1987/6766399'), ('10 рублей. NGS русский', '1898', 'АГ', 'Au', 'MS 61', 'lacetti', '11', '10250', '20.06.2024 10:00:20', 'vip', '1987', '903', '6766400', '', 'https://www.wolmar.ru/auction/1987/6766400'), ('10 рублей', '1899', 'АГ', 'Au', 'MS 63', 'Maxons75', '17', '29725', '20.06.2024 10:00:24', 'vip', '1987', '903', '6766401', '', 'https://www.wolmar.ru/auction/1987/6766401'), ('10 рублей', '1899', 'АГ', 'Au', 'MS 63', 'ХВС', '45', '41000', '20.06.2024 10:00:28', 'vip', '1987', '903', '6766402', '', 'https://www.wolmar.ru/auction/1987/6766402'), ('10 рублей', '1899', 'АГ', 'Au', 'MS 63', 'lapochka8888', '19', '18450', '20.06.2024 10:00:32', 'vip', '1987', '903', '6766403', '', 'https://www.wolmar.ru/auction/1987/6766403')  ... displaying 10 of 6316 total bound parameter sets ...  ('Кавказ и Восточная Европа в древности. Памяти Е.И. Крупнова.', '', '', 'Бумага', 'ХХ', '', '0', '1', '20.06.2024 17:01:00', 'vip', '1987', '903', '6779122', '', 'https://www.wolmar.ru/auction/1987/6779122'), ('Сборник Нумизматичар. №37, 2019.', '', '', 'Бумага', 'ХХ', '', '0', '1', '20.06.2024 17:01:04', 'vip', '1987', '903', '6779123', '', 'https://www.wolmar.ru/auction/1987/6779123')]]
(Background on this error at: https://sqlalche.me/e/20/gkpj)
]
[2024-06-15 11:38:27.070351] -- [LotAuction.insert_many(data_info_lot).execute()] -- [Не смог записать аукцион с названием Аукцион VIP №903; url: https://www.wolmar.ru/auction/1987?all=1] -- [(sqlite3.IntegrityError) UNIQUE constraint failed: lot_action.full_url
[SQL: INSERT INTO lot_action (title_lot, year_coin, mint, metal_gr, safety, buyer, bids, amount, status, type_auction, id_auction_hidden, id_auction_visible, id_lot_hidden, date_closed, full_url) VALUES (?, ?, ?, ?, ?, ?, ?, ?, ?, ?, ?, ?, ?, ?, ?)]
[parameters: [('15 рублей. СС R', '1897', 'АГ', 'Au 12,84', 'XF+', 'ShikP', '133', '82471', '20.06.2024 10:00:04', 'vip', '1987', '903', '6766396', '', 'https://www.wolmar.ru/auction/1987/6766396'), ('15 рублей. РОСС. NGS русский', '1897', 'АГ', 'Au', 'MS 62', 'choko62', '24', '178305', '20.06.2024 10:00:08', 'vip', '1987', '903', '6766397', '', 'https://www.wolmar.ru/auction/1987/6766397'), ('10 рублей R Петров - 22 рубля, Ильин - 20 рублей', '1776', 'СПБ TI', 'Au 11,71', 'VF/XF', 'XarT', '38', '153750', '20.06.2024 10:00:12', 'vip', '1987', '903', '6766398', '', 'https://www.wolmar.ru/auction/1987/6766398'), ('10 рублей', '1894', 'АГ', 'Au', 'MS 61', 'lomas92', '16', '130305', '20.06.2024 10:00:16', 'vip', '1987', '903', '6766399', '', 'https://www.wolmar.ru/auction/1987/6766399'), ('10 рублей. NGS русский', '1898', 'АГ', 'Au', 'MS 61', 'lacetti', '11', '10250', '20.06.2024 10:00:20', 'vip', '1987', '903', '6766400', '', 'https://www.wolmar.ru/auction/1987/6766400'), ('10 рублей', '1899', 'АГ', 'Au', 'MS 63', 'Maxons75', '17', '29725', '20.06.2024 10:00:24', 'vip', '1987', '903', '6766401', '', 'https://www.wolmar.ru/auction/1987/6766401'), ('10 рублей', '1899', 'АГ', 'Au', 'MS 63', 'ХВС', '45', '41000', '20.06.2024 10:00:28', 'vip', '1987', '903', '6766402', '', 'https://www.wolmar.ru/auction/1987/6766402'), ('10 рублей', '1899', 'АГ', 'Au', 'MS 63', 'lapochka8888', '19', '18450', '20.06.2024 10:00:32', 'vip', '1987', '903', '6766403', '', 'https://www.wolmar.ru/auction/1987/6766403')  ... displaying 10 of 6316 total bound parameter sets ...  ('Кавказ и Восточная Европа в древности. Памяти Е.И. Крупнова.', '', '', 'Бумага', 'ХХ', '', '0', '1', '20.06.2024 17:01:00', 'vip', '1987', '903', '6779122', '', 'https://www.wolmar.ru/auction/1987/6779122'), ('Сборник Нумизматичар. №37, 2019.', '', '', 'Бумага', 'ХХ', '', '0', '1', '20.06.2024 17:01:04', 'vip', '1987', '903', '6779123', '', 'https://www.wolmar.ru/auction/1987/6779123')]]
(Background on this error at: https://sqlalche.me/e/20/gkpj)] -- [Traceback (most recent call last):
  File "/home/egor/PycharmProjects/work/walmar_numizmat_parser/env/lib/python3.10/site-packages/sqlalchemy/engine/base.py", line 1936, in _exec_single_context
    self.dialect.do_executemany(
  File "/home/egor/PycharmProjects/work/walmar_numizmat_parser/env/lib/python3.10/site-packages/sqlalchemy/engine/default.py", line 921, in do_executemany
    cursor.executemany(statement, parameters)
sqlite3.IntegrityError: UNIQUE constraint failed: lot_action.full_url

The above exception was the direct cause of the following exception:

Traceback (most recent call last):
  File "/home/egor/PycharmProjects/work/walmar_numizmat_parser/main_sqlal.py", line 69, in <module>
    res = session.bulk_insert_mappings(LotAuction, data_info_lot)
  File "/home/egor/PycharmProjects/work/walmar_numizmat_parser/env/lib/python3.10/site-packages/sqlalchemy/orm/session.py", line 4657, in bulk_insert_mappings
    self._bulk_save_mappings(
  File "/home/egor/PycharmProjects/work/walmar_numizmat_parser/env/lib/python3.10/site-packages/sqlalchemy/orm/session.py", line 4751, in _bulk_save_mappings
    with util.safe_reraise():
  File "/home/egor/PycharmProjects/work/walmar_numizmat_parser/env/lib/python3.10/site-packages/sqlalchemy/util/langhelpers.py", line 146, in __exit__
    raise exc_value.with_traceback(exc_tb)
  File "/home/egor/PycharmProjects/work/walmar_numizmat_parser/env/lib/python3.10/site-packages/sqlalchemy/orm/session.py", line 4740, in _bulk_save_mappings
    bulk_persistence._bulk_insert(
  File "/home/egor/PycharmProjects/work/walmar_numizmat_parser/env/lib/python3.10/site-packages/sqlalchemy/orm/bulk_persistence.py", line 200, in _bulk_insert
    result = persistence._emit_insert_statements(
  File "/home/egor/PycharmProjects/work/walmar_numizmat_parser/env/lib/python3.10/site-packages/sqlalchemy/orm/persistence.py", line 1048, in _emit_insert_statements
    result = connection.execute(
  File "/home/egor/PycharmProjects/work/walmar_numizmat_parser/env/lib/python3.10/site-packages/sqlalchemy/engine/base.py", line 1418, in execute
    return meth(
  File "/home/egor/PycharmProjects/work/walmar_numizmat_parser/env/lib/python3.10/site-packages/sqlalchemy/sql/elements.py", line 515, in _execute_on_connection
    return connection._execute_clauseelement(
  File "/home/egor/PycharmProjects/work/walmar_numizmat_parser/env/lib/python3.10/site-packages/sqlalchemy/engine/base.py", line 1640, in _execute_clauseelement
    ret = self._execute_context(
  File "/home/egor/PycharmProjects/work/walmar_numizmat_parser/env/lib/python3.10/site-packages/sqlalchemy/engine/base.py", line 1846, in _execute_context
    return self._exec_single_context(
  File "/home/egor/PycharmProjects/work/walmar_numizmat_parser/env/lib/python3.10/site-packages/sqlalchemy/engine/base.py", line 1986, in _exec_single_context
    self._handle_dbapi_exception(
  File "/home/egor/PycharmProjects/work/walmar_numizmat_parser/env/lib/python3.10/site-packages/sqlalchemy/engine/base.py", line 2353, in _handle_dbapi_exception
    raise sqlalchemy_exception.with_traceback(exc_info[2]) from e
  File "/home/egor/PycharmProjects/work/walmar_numizmat_parser/env/lib/python3.10/site-packages/sqlalchemy/engine/base.py", line 1936, in _exec_single_context
    self.dialect.do_executemany(
  File "/home/egor/PycharmProjects/work/walmar_numizmat_parser/env/lib/python3.10/site-packages/sqlalchemy/engine/default.py", line 921, in do_executemany
    cursor.executemany(statement, parameters)
sqlalchemy.exc.IntegrityError: (sqlite3.IntegrityError) UNIQUE constraint failed: lot_action.full_url
[SQL: INSERT INTO lot_action (title_lot, year_coin, mint, metal_gr, safety, buyer, bids, amount, status, type_auction, id_auction_hidden, id_auction_visible, id_lot_hidden, date_closed, full_url) VALUES (?, ?, ?, ?, ?, ?, ?, ?, ?, ?, ?, ?, ?, ?, ?)]
[parameters: [('15 рублей. СС R', '1897', 'АГ', 'Au 12,84', 'XF+', 'ShikP', '133', '82471', '20.06.2024 10:00:04', 'vip', '1987', '903', '6766396', '', 'https://www.wolmar.ru/auction/1987/6766396'), ('15 рублей. РОСС. NGS русский', '1897', 'АГ', 'Au', 'MS 62', 'choko62', '24', '178305', '20.06.2024 10:00:08', 'vip', '1987', '903', '6766397', '', 'https://www.wolmar.ru/auction/1987/6766397'), ('10 рублей R Петров - 22 рубля, Ильин - 20 рублей', '1776', 'СПБ TI', 'Au 11,71', 'VF/XF', 'XarT', '38', '153750', '20.06.2024 10:00:12', 'vip', '1987', '903', '6766398', '', 'https://www.wolmar.ru/auction/1987/6766398'), ('10 рублей', '1894', 'АГ', 'Au', 'MS 61', 'lomas92', '16', '130305', '20.06.2024 10:00:16', 'vip', '1987', '903', '6766399', '', 'https://www.wolmar.ru/auction/1987/6766399'), ('10 рублей. NGS русский', '1898', 'АГ', 'Au', 'MS 61', 'lacetti', '11', '10250', '20.06.2024 10:00:20', 'vip', '1987', '903', '6766400', '', 'https://www.wolmar.ru/auction/1987/6766400'), ('10 рублей', '1899', 'АГ', 'Au', 'MS 63', 'Maxons75', '17', '29725', '20.06.2024 10:00:24', 'vip', '1987', '903', '6766401', '', 'https://www.wolmar.ru/auction/1987/6766401'), ('10 рублей', '1899', 'АГ', 'Au', 'MS 63', 'ХВС', '45', '41000', '20.06.2024 10:00:28', 'vip', '1987', '903', '6766402', '', 'https://www.wolmar.ru/auction/1987/6766402'), ('10 рублей', '1899', 'АГ', 'Au', 'MS 63', 'lapochka8888', '19', '18450', '20.06.2024 10:00:32', 'vip', '1987', '903', '6766403', '', 'https://www.wolmar.ru/auction/1987/6766403')  ... displaying 10 of 6316 total bound parameter sets ...  ('Кавказ и Восточная Европа в древности. Памяти Е.И. Крупнова.', '', '', 'Бумага', 'ХХ', '', '0', '1', '20.06.2024 17:01:00', 'vip', '1987', '903', '6779122', '', 'https://www.wolmar.ru/auction/1987/6779122'), ('Сборник Нумизматичар. №37, 2019.', '', '', 'Бумага', 'ХХ', '', '0', '1', '20.06.2024 17:01:04', 'vip', '1987', '903', '6779123', '', 'https://www.wolmar.ru/auction/1987/6779123')]]
(Background on this error at: https://sqlalche.me/e/20/gkpj)
]
